


ARM Macro Assembler    Page 1 


    1 00000000                 AREA             reset, DATA, READONLY
    2 00000000                 EXPORT           __Vectors
    3 00000000         __Vectors
    4 00000000 10001000        DCD              0x10001000
    5 00000004 00000000        DCD              Reset_Handler
    6 00000008                 ALIGN
    7 00000008                 AREA             mycode,CODE,READONLY
    8 00000000                 EXPORT           Reset_Handler
    9 00000000                 ENTRY
   10 00000000         Reset_Handler
   11 00000000 F04F 0002       MOV              R0,#2
   12 00000004 F04F 0103       MOV              R1,#3
   13 00000008 4F0D            LDR              R7,=DST
   14 0000000A FB00 F501       MUL              R5,R0,R1
   15 0000000E F04F 0600       MOV              R6,#0
   16 00000012         
   17 00000012 4288    UP      CMP              R0,R1
   18 00000014 D00C            BEQ              GCD
   19 00000016 D204            BCS              DIV
   20 00000018 4603            MOV              R3,R0
   21 0000001A 460C            MOV              R4,R1
   22 0000001C 4619            MOV              R1,R3
   23 0000001E 4620            MOV              R0,R4
   24 00000020 E7FF            B                DIV
   25 00000022         
   26 00000022 EBA0 0001 
                       DIV     SUB              R0,R1
   27 00000026 4288            CMP              R0,R1
   28 00000028 D2FB            BCS              DIV
   29 0000002A 2800            CMP              R0,#0
   30 0000002C D000            BEQ              GCD
   31 0000002E E7F0            B                UP
   32 00000030         
   33 00000030 EBA5 0501 
                       GCD     SUB              R5,R1
   34 00000034 F106 0601       ADD              R6,#1
   35 00000038 428D            CMP              R5,R1
   36 0000003A D2F9            BCS              GCD
   37 0000003C 603E            STR              R6,[R7]
   38 0000003E         
   39 0000003E         STOP
   40 0000003E E7FE            B                STOP
   41 00000040 00000000        AREA             data, DATA,READWRITE
   42 00000000 00000000 
                       DST     DCD              0x0
   43 00000004                 END
Command Line: --debug --xref --cpu=Cortex-M3 --apcs=interwork --depend=Lab3Q3.d
 -oLab3Q3.o -IC:\Keil\ARM\RV31\INC -IC:\Keil\ARM\CMSIS\Include -IC:\Keil\ARM\In
c\NXP\LPC17xx --predefine="__EVAL SETA 1" --list=Lab3Q3.lst Lab3Q3.s



ARM Macro Assembler    Page 1 Alphabetic symbol ordering
Relocatable symbols

__Vectors 00000000

Symbol: __Vectors
   Definitions
      At line 3 in file Lab3Q3.s
   Uses
      At line 2 in file Lab3Q3.s
Comment: __Vectors used once
reset 00000000

Symbol: reset
   Definitions
      At line 1 in file Lab3Q3.s
   Uses
      None
Comment: reset unused
2 symbols



ARM Macro Assembler    Page 1 Alphabetic symbol ordering
Relocatable symbols

DIV 00000022

Symbol: DIV
   Definitions
      At line 26 in file Lab3Q3.s
   Uses
      At line 19 in file Lab3Q3.s
      At line 24 in file Lab3Q3.s
      At line 28 in file Lab3Q3.s

GCD 00000030

Symbol: GCD
   Definitions
      At line 33 in file Lab3Q3.s
   Uses
      At line 18 in file Lab3Q3.s
      At line 30 in file Lab3Q3.s
      At line 36 in file Lab3Q3.s

Reset_Handler 00000000

Symbol: Reset_Handler
   Definitions
      At line 10 in file Lab3Q3.s
   Uses
      At line 5 in file Lab3Q3.s
      At line 8 in file Lab3Q3.s

STOP 0000003E

Symbol: STOP
   Definitions
      At line 39 in file Lab3Q3.s
   Uses
      At line 40 in file Lab3Q3.s
Comment: STOP used once
UP 00000012

Symbol: UP
   Definitions
      At line 17 in file Lab3Q3.s
   Uses
      At line 31 in file Lab3Q3.s
Comment: UP used once
mycode 00000000

Symbol: mycode
   Definitions
      At line 7 in file Lab3Q3.s
   Uses
      None
Comment: mycode unused
6 symbols



ARM Macro Assembler    Page 1 Alphabetic symbol ordering
Relocatable symbols

DST 00000000

Symbol: DST
   Definitions
      At line 42 in file Lab3Q3.s
   Uses
      At line 13 in file Lab3Q3.s
Comment: DST used once
data 00000000

Symbol: data
   Definitions
      At line 41 in file Lab3Q3.s
   Uses
      None
Comment: data unused
2 symbols
343 symbols in table
